2025-04-24 13:46:38,395 [main] INFO  com.actinver.dispersionAlpha.util.ConexionBDSisAsset - Archivo de log generado correctamente: \\100MXL0081GLY\Users\oromero\Documents\SissAset\REPORTES\Sisasset-Dispercion\LOG Sistema\logAlpha24_04_2025__01_46_38__PM.txt
2025-04-24 13:46:38,420 [main] INFO  com.actinver.dispersionAlpha.util.ConexionBDSisAsset - fechaNow: 24/04/2025 01:46:38 PM
2025-04-24 13:46:38,420 [main] INFO  com.actinver.dispersionAlpha.util.ConexionBDSisAsset - fechaFormateada: 24_04_2025__01_46_38__PM
2025-04-24 13:46:38,422 [main] INFO  com.actinver.dispersionAlpha.util.ConexionBDSisAsset - Archivo de log generado correctamente: \\100MXL0081GLY\Users\oromero\Documents\SissAset\REPORTES\Sisasset-Dispercion\LOG Sistema\Proceso Envio Alpha 24_04_2025__01_46_38__PM.txt
2025-05-16 13:57:39,624 [main] WARN  com.actinver.dispersionAlpha.util.ConexionBDSisAsset - El archivo RepCartMod_1023298_20250331.pdf no existe en \\100MXL0081GLY\Users\oromero\Documents\SissAset\REPORTES\Sisasset-Dispercion\
2025-05-16 13:57:39,625 [main] WARN  com.actinver.dispersionAlpha.util.ConexionBDSisAsset - No se encontro el PDF RepCartMod_1023298_20250331.pdf en el directorio \\100MXL0081GLY\Users\oromero\Documents\SissAset\REPORTES\Sisasset-Dispercion\
2025-05-16 13:57:45,800 [main] INFO  com.actinver.dispersionAlpha.util.ConexionBDSisAsset - Archivo de log generado correctamente: \\100MXL0081GLY\Users\oromero\Documents\SissAset\REPORTES\Sisasset-Dispercion\LOG Sistema\logAlpha16_05_2025__01_57_44__PM.txt
2025-05-16 13:57:45,824 [main] INFO  com.actinver.dispersionAlpha.util.ConexionBDSisAsset - fechaNow: 16/05/2025 01:57:45 PM
2025-05-16 13:57:45,824 [main] INFO  com.actinver.dispersionAlpha.util.ConexionBDSisAsset - fechaFormateada: 16_05_2025__01_57_45__PM
2025-05-16 13:57:45,827 [main] INFO  com.actinver.dispersionAlpha.util.ConexionBDSisAsset - Archivo de log generado correctamente: \\100MXL0081GLY\Users\oromero\Documents\SissAset\REPORTES\Sisasset-Dispercion\LOG Sistema\Proceso Envio Alpha 16_05_2025__01_57_45__PM.txt
2025-05-16 14:16:52,827 [main] WARN  com.actinver.dispersionAlpha.util.ConexionBDSisAsset - El archivo RepCartMod_5355536_20250430.pdf no existe en \\100MXL0081GLY\Users\oromero\Documents\SissAset\REPORTES\Sisasset-Dispercion\
2025-05-16 14:16:52,836 [main] WARN  com.actinver.dispersionAlpha.util.ConexionBDSisAsset - No se encontro el PDF RepCartMod_5355536_20250430.pdf en el directorio \\100MXL0081GLY\Users\oromero\Documents\SissAset\REPORTES\Sisasset-Dispercion\
2025-05-16 14:20:28,200 [main] WARN  com.actinver.dispersionAlpha.util.ConexionBDSisAsset - El archivo RepCartMod_5235596_20250430.pdf no existe en \\100MXL0081GLY\Users\oromero\Documents\SissAset\REPORTES\Sisasset-Dispercion\
2025-05-16 14:20:28,200 [main] WARN  com.actinver.dispersionAlpha.util.ConexionBDSisAsset - No se encontro el PDF RepCartMod_5235596_20250430.pdf en el directorio \\100MXL0081GLY\Users\oromero\Documents\SissAset\REPORTES\Sisasset-Dispercion\
2025-05-16 14:23:28,060 [main] WARN  com.actinver.dispersionAlpha.util.ConexionBDSisAsset - El archivo RepCartMod_5444566_20250430.pdf no existe en \\100MXL0081GLY\Users\oromero\Documents\SissAset\REPORTES\Sisasset-Dispercion\
2025-05-16 14:23:28,060 [main] WARN  com.actinver.dispersionAlpha.util.ConexionBDSisAsset - No se encontro el PDF RepCartMod_5444566_20250430.pdf en el directorio \\100MXL0081GLY\Users\oromero\Documents\SissAset\REPORTES\Sisasset-Dispercion\
2025-05-16 14:23:52,800 [main] INFO  com.actinver.dispersionAlpha.util.ConexionBDSisAsset - Archivo de log generado correctamente: \\100MXL0081GLY\Users\oromero\Documents\SissAset\REPORTES\Sisasset-Dispercion\LOG Sistema\logAlpha16_05_2025__02_23_52__PM.txt
2025-05-16 14:23:52,828 [main] INFO  com.actinver.dispersionAlpha.util.ConexionBDSisAsset - fechaNow: 16/05/2025 02:23:52 PM
2025-05-16 14:23:52,828 [main] INFO  com.actinver.dispersionAlpha.util.ConexionBDSisAsset - fechaFormateada: 16_05_2025__02_23_52__PM
2025-05-16 14:23:52,830 [main] INFO  com.actinver.dispersionAlpha.util.ConexionBDSisAsset - Archivo de log generado correctamente: \\100MXL0081GLY\Users\oromero\Documents\SissAset\REPORTES\Sisasset-Dispercion\LOG Sistema\Proceso Envio Alpha 16_05_2025__02_23_52__PM.txt
2025-05-20 12:32:42,550 [main] INFO  com.actinver.dispersionAlpha.util.ConexionBDSisAsset - Archivo de log generado correctamente: \\100MXL0081GLY\Users\oromero\Documents\SissAset\REPORTES\Sisasset-Dispercion\LOG Sistema\logAlpha20_05_2025__12_32_42__PM.txt
2025-05-20 12:32:42,588 [main] INFO  com.actinver.dispersionAlpha.util.ConexionBDSisAsset - fechaNow: 20/05/2025 12:32:42 PM
2025-05-20 12:32:42,588 [main] INFO  com.actinver.dispersionAlpha.util.ConexionBDSisAsset - fechaFormateada: 20_05_2025__12_32_42__PM
2025-05-20 12:32:42,590 [main] INFO  com.actinver.dispersionAlpha.util.ConexionBDSisAsset - Archivo de log generado correctamente: \\100MXL0081GLY\Users\oromero\Documents\SissAset\REPORTES\Sisasset-Dispercion\LOG Sistema\Proceso Envio Alpha 20_05_2025__12_32_42__PM.txt
2025-05-20 12:42:40,452 [main] INFO  com.actinver.dispersionAlpha.util.ConexionBDSisAsset - Archivo de log generado correctamente: \\100MXL0081GLY\Users\oromero\Documents\SissAset\REPORTES\Sisasset-Dispercion\LOG Sistema\logAlpha20_05_2025__12_42_40__PM.txt
2025-05-20 12:42:40,477 [main] INFO  com.actinver.dispersionAlpha.util.ConexionBDSisAsset - fechaNow: 20/05/2025 12:42:40 PM
2025-05-20 12:42:40,477 [main] INFO  com.actinver.dispersionAlpha.util.ConexionBDSisAsset - fechaFormateada: 20_05_2025__12_42_40__PM
2025-05-20 12:42:40,479 [main] INFO  com.actinver.dispersionAlpha.util.ConexionBDSisAsset - Archivo de log generado correctamente: \\100MXL0081GLY\Users\oromero\Documents\SissAset\REPORTES\Sisasset-Dispercion\LOG Sistema\Proceso Envio Alpha 20_05_2025__12_42_40__PM.txt
2025-05-20 13:04:00,386 [main] INFO  com.actinver.dispersionAlpha.util.ConexionBDSisAsset - Archivo de log generado correctamente: \\100MXL0081GLY\Users\oromero\Documents\SissAset\REPORTES\Sisasset-Dispercion\LOG Sistema\logAlpha20_05_2025__01_04_00__PM.txt
2025-05-20 13:04:00,410 [main] INFO  com.actinver.dispersionAlpha.util.ConexionBDSisAsset - fechaNow: 20/05/2025 01:04:00 PM
2025-05-20 13:04:00,410 [main] INFO  com.actinver.dispersionAlpha.util.ConexionBDSisAsset - fechaFormateada: 20_05_2025__01_04_00__PM
2025-05-20 13:04:00,412 [main] INFO  com.actinver.dispersionAlpha.util.ConexionBDSisAsset - Archivo de log generado correctamente: \\100MXL0081GLY\Users\oromero\Documents\SissAset\REPORTES\Sisasset-Dispercion\LOG Sistema\Proceso Envio Alpha 20_05_2025__01_04_00__PM.txt
